 
****************************************
Report : area
Design : Inside
Version: N-2017.09-SP2
Date   : Fri Mar 31 19:05:34 2023
****************************************

Library(s) Used:

    slow (File: /usr/cad/Design_Kit/CBDK_IC_Contest_v2.5/SynopsysDC/db/slow.db)

Number of ports:                           17
Number of nets:                            80
Number of cells:                           64
Number of combinational cells:             64
Number of sequential cells:                 0
Number of macros/black boxes:               0
Number of buf/inv:                         11
Number of references:                      15

Combinational area:                519.404393
Buf/Inv area:                       37.342799
Noncombinational area:               0.000000
Macro/Black Box area:                0.000000
Net Interconnect area:      undefined  (No wire load specified)

Total cell area:                   519.404393
Total area:                 undefined
1
