 
****************************************
Report : resources
Design : Inside
Version: N-2017.09-SP2
Date   : Fri Mar 31 19:05:35 2023
****************************************

Resource Sharing Report for design Inside in file
        /home/rain/IC_contest/2023_grad_cell/2023_grad_cell/is_inside/Inside.v

===============================================================================
|          |              |            | Contained     |                      |
| Resource | Module       | Parameters | Resources     | Contained Operations |
===============================================================================
| r21      | DW01_cmp2    | width=6    |               | lte_18               |
| r22      | DW01_add     | width=6    |               | add_15               |
| r23      | DW01_sub     | width=5    |               | sub_10               |
| r30      | DW01_inc     | width=5    |               | add_0_root_add_12_ni |
| r344     | DW01_sub     | width=5    |               | sub_9                |
| r350     | DW01_sub     | width=5    |               | sub_1_root_add_12_ni |
| r352     | DW01_inc     | width=5    |               | add_0_root_add_13_ni |
| r354     | DW01_sub     | width=5    |               | sub_1_root_add_13_ni |
===============================================================================


No implementations to report
1
