 
****************************************
Report : area
Design : Inside
Version: N-2017.09-SP2
Date   : Fri Mar 31 20:21:19 2023
****************************************

Library(s) Used:

    slow (File: /usr/cad/Design_Kit/CBDK_IC_Contest_v2.5/SynopsysDC/db/slow.db)

Number of ports:                           89
Number of nets:                           207
Number of cells:                          114
Number of combinational cells:            108
Number of sequential cells:                 3
Number of macros/black boxes:               0
Number of buf/inv:                         24
Number of references:                      15

Combinational area:               1315.485024
Buf/Inv area:                       88.264799
Noncombinational area:               0.000000
Macro/Black Box area:                0.000000
Net Interconnect area:      undefined  (No wire load specified)

Total cell area:                  1315.485024
Total area:                 undefined
1
